<?xml version='1.0' encoding='UTF-8'?>
<testsuite hostname="DESKTOP-ER204GL" name="LambdaTests" tests="4" errors="0" failures="0" skipped="0" time="0.947" timestamp="2021-11-05T01:32:13">
          <properties>
[...]
</properties>
          <testcase classname="LambdaTests" name="configuration parameters module should ragex pattern" time="0.944">
                      
                    </testcase><testcase classname="LambdaTests" name="configuration parameters module should url for grpc" time="0.001">
                      
                    </testcase><testcase classname="LambdaTests" name="configuration parameters module should url for REST" time="0.001">
                      
                    </testcase><testcase classname="LambdaTests" name="configuration parameters module should bucket name" time="0.001">
                      
                    </testcase>
          <system-out><![CDATA[]]></system-out>
          <system-err><![CDATA[]]></system-err>
        </testsuite>