# JRE version: Java(TM) SE Runtime Environment (8.0_301-b09) (build 1.8.0_301-b09)
# Java VM: Java HotSpot(TM) 64-Bit Server VM (25.301-b09 mixed mode windows-amd64 compressed oops)
Heap:
 PSYoungGen      total 302080K, used 106715K [0x00000000eab00000, 0x0000000100000000, 0x0000000100000000)
  eden space 289792K, 32% used [0x00000000eab00000,0x00000000f0741c08,0x00000000fc600000)
  from space 12288K, 99% used [0x00000000fc600000,0x00000000fd1f5338,0x00000000fd200000)
  to   space 30208K, 0% used [0x00000000fe280000,0x00000000fe280000,0x0000000100000000)
 ParOldGen       total 699392K, used 41464K [0x00000000c0000000, 0x00000000eab00000, 0x00000000eab00000)
  object space 699392K, 5% used [0x00000000c0000000,0x00000000c287e2b0,0x00000000eab00000)
 Metaspace       used 106282K, capacity 122628K, committed 122792K, reserved 1157120K
  class space    used 15009K, capacity 15980K, committed 16040K, reserved 1048576K
GC Heap History (10 events):
Event: 7.449 GC heap before
{Heap before GC invocations=7 (full 3):
 PSYoungGen      total 305664K, used 262144K [0x00000000eab00000, 0x0000000100000000, 0x0000000100000000)
  eden space 262144K, 100% used [0x00000000eab00000,0x00000000fab00000,0x00000000fab00000)
  from space 43520K, 0% used [0x00000000fab00000,0x00000000fab00000,0x00000000fd580000)
  to   space 43520K, 0% used [0x00000000fd580000,0x00000000fd580000,0x0000000100000000)
 ParOldGen       total 699392K, used 32567K [0x00000000c0000000, 0x00000000eab00000, 0x00000000eab00000)
  object space 699392K, 4% used [0x00000000c0000000,0x00000000c1fcded0,0x00000000eab00000)
 Metaspace       used 73005K, capacity 84066K, committed 84224K, reserved 1122304K
  class space    used 10319K, capacity 10989K, committed 11008K, reserved 1048576K
Event: 7.466 GC heap after
Heap after GC invocations=7 (full 3):
 PSYoungGen      total 305664K, used 20089K [0x00000000eab00000, 0x0000000100000000, 0x0000000100000000)
  eden space 262144K, 0% used [0x00000000eab00000,0x00000000eab00000,0x00000000fab00000)
  from space 43520K, 46% used [0x00000000fd580000,0x00000000fe91e7f8,0x0000000100000000)
  to   space 43520K, 0% used [0x00000000fab00000,0x00000000fab00000,0x00000000fd580000)
 ParOldGen       total 699392K, used 32575K [0x00000000c0000000, 0x00000000eab00000, 0x00000000eab00000)
  object space 699392K, 4% used [0x00000000c0000000,0x00000000c1fcfed0,0x00000000eab00000)
 Metaspace       used 73005K, capacity 84066K, committed 84224K, reserved 1122304K
  class space    used 10319K, capacity 10989K, committed 11008K, reserved 1048576K
}
Event: 9.866 GC heap before
{Heap before GC invocations=8 (full 3):
 PSYoungGen      total 305664K, used 282233K [0x00000000eab00000, 0x0000000100000000, 0x0000000100000000)
  eden space 262144K, 100% used [0x00000000eab00000,0x00000000fab00000,0x00000000fab00000)
  from space 43520K, 46% used [0x00000000fd580000,0x00000000fe91e7f8,0x0000000100000000)
  to   space 43520K, 0% used [0x00000000fab00000,0x00000000fab00000,0x00000000fd580000)
 ParOldGen       total 699392K, used 32575K [0x00000000c0000000, 0x00000000eab00000, 0x00000000eab00000)
  object space 699392K, 4% used [0x00000000c0000000,0x00000000c1fcfed0,0x00000000eab00000)
 Metaspace       used 81736K, capacity 94596K, committed 94848K, reserved 1132544K
  class space    used 11584K, capacity 12306K, committed 12416K, reserved 1048576K
Event: 9.884 GC heap after
Heap after GC invocations=8 (full 3):
 PSYoungGen      total 305664K, used 21987K [0x00000000eab00000, 0x0000000100000000, 0x0000000100000000)
  eden space 262144K, 0% used [0x00000000eab00000,0x00000000eab00000,0x00000000fab00000)
  from space 43520K, 50% used [0x00000000fab00000,0x00000000fc078fb0,0x00000000fd580000)
  to   space 28672K, 0% used [0x00000000fe400000,0x00000000fe400000,0x0000000100000000)
 ParOldGen       total 699392K, used 32591K [0x00000000c0000000, 0x00000000eab00000, 0x00000000eab00000)
  object space 699392K, 4% used [0x00000000c0000000,0x00000000c1fd3ed0,0x00000000eab00000)
 Metaspace       used 81736K, capacity 94596K, committed 94848K, reserved 1132544K
  class space    used 11584K, capacity 12306K, committed 12416K, reserved 1048576K
}
Event: 10.598 GC heap before
{Heap before GC invocations=9 (full 3):
 PSYoungGen      total 305664K, used 105505K [0x00000000eab00000, 0x0000000100000000, 0x0000000100000000)
  eden space 262144K, 31% used [0x00000000eab00000,0x00000000efc8f658,0x00000000fab00000)
  from space 43520K, 50% used [0x00000000fab00000,0x00000000fc078fb0,0x00000000fd580000)
  to   space 28672K, 0% used [0x00000000fe400000,0x00000000fe400000,0x0000000100000000)
 ParOldGen       total 699392K, used 32591K [0x00000000c0000000, 0x00000000eab00000, 0x00000000eab00000)
  object space 699392K, 4% used [0x00000000c0000000,0x00000000c1fd3ed0,0x00000000eab00000)
 Metaspace       used 85325K, capacity 98570K, committed 98600K, reserved 1134592K
  class space    used 12049K, capacity 12835K, committed 12840K, reserved 1048576K
Event: 10.620 GC heap after
Heap after GC invocations=9 (full 3):
 PSYoungGen      total 318464K, used 23781K [0x00000000eab00000, 0x0000000100000000, 0x0000000100000000)
  eden space 289792K, 0% used [0x00000000eab00000,0x00000000eab00000,0x00000000fc600000)
  from space 28672K, 82% used [0x00000000fe400000,0x00000000ffb39658,0x0000000100000000)
  to   space 29696K, 0% used [0x00000000fc600000,0x00000000fc600000,0x00000000fe300000)
 ParOldGen       total 699392K, used 32599K [0x00000000c0000000, 0x00000000eab00000, 0x00000000eab00000)
  object space 699392K, 4% used [0x00000000c0000000,0x00000000c1fd5ed0,0x00000000eab00000)
 Metaspace       used 85325K, capacity 98570K, committed 98600K, reserved 1134592K
  class space    used 12049K, capacity 12835K, committed 12840K, reserved 1048576K
}
Event: 10.620 GC heap before
{Heap before GC invocations=10 (full 4):
 PSYoungGen      total 318464K, used 23781K [0x00000000eab00000, 0x0000000100000000, 0x0000000100000000)
  eden space 289792K, 0% used [0x00000000eab00000,0x00000000eab00000,0x00000000fc600000)
  from space 28672K, 82% used [0x00000000fe400000,0x00000000ffb39658,0x0000000100000000)
  to   space 29696K, 0% used [0x00000000fc600000,0x00000000fc600000,0x00000000fe300000)
 ParOldGen       total 699392K, used 32599K [0x00000000c0000000, 0x00000000eab00000, 0x00000000eab00000)
  object space 699392K, 4% used [0x00000000c0000000,0x00000000c1fd5ed0,0x00000000eab00000)
 Metaspace       used 85325K, capacity 98570K, committed 98600K, reserved 1134592K
  class space    used 12049K, capacity 12835K, committed 12840K, reserved 1048576K
Event: 10.770 GC heap after
Heap after GC invocations=10 (full 4):
 PSYoungGen      total 318464K, used 0K [0x00000000eab00000, 0x0000000100000000, 0x0000000100000000)
  eden space 289792K, 0% used [0x00000000eab00000,0x00000000eab00000,0x00000000fc600000)
  from space 28672K, 0% used [0x00000000fe400000,0x00000000fe400000,0x0000000100000000)
  to   space 29696K, 0% used [0x00000000fc600000,0x00000000fc600000,0x00000000fe300000)
 ParOldGen       total 699392K, used 41456K [0x00000000c0000000, 0x00000000eab00000, 0x00000000eab00000)
  object space 699392K, 5% used [0x00000000c0000000,0x00000000c287c2b0,0x00000000eab00000)
 Metaspace       used 84926K, capacity 97768K, committed 98600K, reserved 1134592K
  class space    used 11919K, capacity 12683K, committed 12840K, reserved 1048576K
}
Event: 13.148 GC heap before
{Heap before GC invocations=11 (full 4):
 PSYoungGen      total 318464K, used 289792K [0x00000000eab00000, 0x0000000100000000, 0x0000000100000000)
  eden space 289792K, 100% used [0x00000000eab00000,0x00000000fc600000,0x00000000fc600000)
  from space 28672K, 0% used [0x00000000fe400000,0x00000000fe400000,0x0000000100000000)
  to   space 29696K, 0% used [0x00000000fc600000,0x00000000fc600000,0x00000000fe300000)
 ParOldGen       total 699392K, used 41456K [0x00000000c0000000, 0x00000000eab00000, 0x00000000eab00000)
  object space 699392K, 5% used [0x00000000c0000000,0x00000000c287c2b0,0x00000000eab00000)
 Metaspace       used 92985K, capacity 108670K, committed 108840K, reserved 1144832K
  class space    used 13423K, capacity 14305K, committed 14376K, reserved 1048576K
Event: 13.217 GC heap after
Heap after GC invocations=11 (full 4):
 PSYoungGen      total 302080K, used 12244K [0x00000000eab00000, 0x0000000100000000, 0x0000000100000000)
  eden space 289792K, 0% used [0x00000000eab00000,0x00000000eab00000,0x00000000fc600000)
  from space 12288K, 99% used [0x00000000fc600000,0x00000000fd1f5338,0x00000000fd200000)
  to   space 30208K, 0% used [0x00000000fe280000,0x00000000fe280000,0x0000000100000000)
 ParOldGen       total 699392K, used 41464K [0x00000000c0000000, 0x00000000eab00000, 0x00000000eab00000)
  object space 699392K, 5% used [0x00000000c0000000,0x00000000c287e2b0,0x00000000eab00000)
 Metaspace       used 92985K, capacity 108670K, committed 108840K, reserved 1144832K
  class space    used 13423K, capacity 14305K, committed 14376K, reserved 1048576K
}

